2018-10-29 15:05:21,299 INFO o.a.j.u.JMeterUtils: Setting Locale to en_EN
2018-10-29 15:05:21,335 INFO o.a.j.JMeter: Loading user properties from: user.properties
2018-10-29 15:05:21,336 INFO o.a.j.JMeter: Loading system properties from: system.properties
2018-10-29 15:05:21,346 INFO o.a.j.JMeter: Copyright (c) 1998-2018 The Apache Software Foundation
2018-10-29 15:05:21,346 INFO o.a.j.JMeter: Version 5.0 r1840935
2018-10-29 15:05:21,347 INFO o.a.j.JMeter: java.version=10.0.2
2018-10-29 15:05:21,347 INFO o.a.j.JMeter: java.vm.name=Java HotSpot(TM) 64-Bit Server VM
2018-10-29 15:05:21,347 INFO o.a.j.JMeter: os.name=Windows 10
2018-10-29 15:05:21,347 INFO o.a.j.JMeter: os.arch=amd64
2018-10-29 15:05:21,347 INFO o.a.j.JMeter: os.version=10.0
2018-10-29 15:05:21,348 INFO o.a.j.JMeter: file.encoding=GBK
2018-10-29 15:05:21,348 INFO o.a.j.JMeter: Max memory     =1073741824
2018-10-29 15:05:21,348 INFO o.a.j.JMeter: Available Processors =4
2018-10-29 15:05:21,361 INFO o.a.j.JMeter: Default Locale=English (EN)
2018-10-29 15:05:21,361 INFO o.a.j.JMeter: JMeter  Locale=English (EN)
2018-10-29 15:05:21,362 INFO o.a.j.JMeter: JMeterHome=E:\apache-jmeter-5.0
2018-10-29 15:05:21,362 INFO o.a.j.JMeter: user.dir  =E:\apache-jmeter-5.0\bin
2018-10-29 15:05:21,362 INFO o.a.j.JMeter: PWD       =E:\apache-jmeter-5.0\bin
2018-10-29 15:05:32,679 INFO o.a.j.JMeter: IP: 192.168.72.1 Name: PC-20180710PMZT FullName: 192.168.72.1
2018-10-29 15:05:33,073 INFO o.a.j.g.a.LookAndFeelCommand: Installing Darcula LAF
2018-10-29 15:05:33,082 INFO o.a.j.g.a.LookAndFeelCommand: Using look and feel: com.bulenkov.darcula.DarculaLaf [Darcula]
2018-10-29 15:05:33,083 INFO o.a.j.JMeter: Setting LAF to: com.bulenkov.darcula.DarculaLaf
2018-10-29 15:05:33,196 INFO o.a.j.JMeter: Loaded icon properties from org/apache/jmeter/images/icon.properties
2018-10-29 15:05:33,856 INFO o.a.j.e.u.CompoundVariable: Note: Function class names must contain the string: '.functions.'
2018-10-29 15:05:33,856 INFO o.a.j.e.u.CompoundVariable: Note: Function class names must not contain the string: '.gui.'
2018-10-29 15:05:36,246 INFO o.a.j.p.h.s.HTTPSamplerBase: Parser for text/html is org.apache.jmeter.protocol.http.parser.LagartoBasedHtmlParser
2018-10-29 15:05:36,248 INFO o.a.j.p.h.s.HTTPSamplerBase: Parser for application/xhtml+xml is org.apache.jmeter.protocol.http.parser.LagartoBasedHtmlParser
2018-10-29 15:05:36,248 INFO o.a.j.p.h.s.HTTPSamplerBase: Parser for application/xml is org.apache.jmeter.protocol.http.parser.LagartoBasedHtmlParser
2018-10-29 15:05:36,248 INFO o.a.j.p.h.s.HTTPSamplerBase: Parser for text/xml is org.apache.jmeter.protocol.http.parser.LagartoBasedHtmlParser
2018-10-29 15:05:36,248 INFO o.a.j.p.h.s.HTTPSamplerBase: Parser for text/vnd.wap.wml is org.apache.jmeter.protocol.http.parser.RegexpHTMLParser
2018-10-29 15:05:36,249 INFO o.a.j.p.h.s.HTTPSamplerBase: Parser for text/css is org.apache.jmeter.protocol.http.parser.CssParser
2018-10-29 15:05:37,001 INFO o.a.j.e.KeyToolUtils: keytool found at 'keytool'
2018-10-29 15:05:37,002 INFO o.a.j.p.h.p.ProxyControl: HTTP(S) Test Script Recorder SSL Proxy will use keys that support embedded 3rd party resources in file E:\apache-jmeter-5.0\bin\proxyserver.jks
2018-10-29 15:05:37,269 INFO o.a.j.s.FileServer: Default base='E:\apache-jmeter-5.0\bin'
2018-10-29 15:05:38,318 INFO o.a.j.s.SampleResult: Note: Sample TimeStamps are START times
2018-10-29 15:05:38,318 INFO o.a.j.s.SampleResult: sampleresult.default.encoding is set to ISO-8859-1
2018-10-29 15:05:38,319 INFO o.a.j.s.SampleResult: sampleresult.useNanoTime=true
2018-10-29 15:05:38,319 INFO o.a.j.s.SampleResult: sampleresult.nanoThreadSleep=5000
